<?xml version="1.0" encoding="UTF-8"?>
<!DOCTYPE html PUBLIC "-//W3C//DTD XHTML 1.0 Strict//EN" "http://www.w3.org/TR/xhtml1/DTD/xhtml1-strict.dtd">
<html xmlns="http://www.w3.org/1999/xhtml">
<head>
    <title>博客测试</title>
    <meta name="generator" content="HTMLTestRunner 0.8.2"/>
    <meta http-equiv="Content-Type" content="text/html; charset=UTF-8"/>
    
<style type="text/css" media="screen">
body        { font-family: verdana, arial, helvetica, sans-serif; font-size: 80%; }
table       { font-size: 100%; }
pre         { }

/* -- heading ---------------------------------------------------------------------- */
h1 {
	font-size: 16pt;
	color: gray;
}
.heading {
    margin-top: 0ex;
    margin-bottom: 1ex;
}

.heading .attribute {
    margin-top: 1ex;
    margin-bottom: 0;
}

.heading .description {
    margin-top: 4ex;
    margin-bottom: 6ex;
}

/* -- css div popup ------------------------------------------------------------------------ */
a.popup_link {
}

a.popup_link:hover {
    color: red;
}

.popup_window {
    display: none;
    position: relative;
    left: 0px;
    top: 0px;
    /*border: solid #627173 1px; */
    padding: 10px;
    background-color: #E6E6D6;
    font-family: "Lucida Console", "Courier New", Courier, monospace;
    text-align: left;
    font-size: 8pt;
    width: 500px;
}

}
/* -- report ------------------------------------------------------------------------ */
#show_detail_line {
    margin-top: 3ex;
    margin-bottom: 1ex;
}
#result_table {
    width: 80%;
    border-collapse: collapse;
    border: 1px solid #777;
}
#header_row {
    font-weight: bold;
    color: white;
    background-color: #777;
}
#result_table td {
    border: 1px solid #777;
    padding: 2px;
}
#total_row  { font-weight: bold; }
.passClass  { background-color: #6c6; }
.failClass  { background-color: #c60; }
.errorClass { background-color: #c00; }
.passCase   { color: #6c6; }
.failCase   { color: #c60; font-weight: bold; }
.errorCase  { color: #c00; font-weight: bold; }
.hiddenRow  { display: none; }
.testcase   { margin-left: 2em; }


/* -- ending ---------------------------------------------------------------------- */
#ending {
}

</style>

</head>
<body>
<script language="javascript" type="text/javascript"><!--
output_list = Array();

/* level - 0:Summary; 1:Failed; 2:All */
function showCase(level) {
    trs = document.getElementsByTagName("tr");
    for (var i = 0; i < trs.length; i++) {
        tr = trs[i];
        id = tr.id;
        if (id.substr(0,2) == 'ft') {
            if (level < 1) {
                tr.className = 'hiddenRow';
            }
            else {
                tr.className = '';
            }
        }
        if (id.substr(0,2) == 'pt') {
            if (level > 1) {
                tr.className = '';
            }
            else {
                tr.className = 'hiddenRow';
            }
        }
    }
}


function showClassDetail(cid, count) {
    var id_list = Array(count);
    var toHide = 1;
    for (var i = 0; i < count; i++) {
        tid0 = 't' + cid.substr(1) + '.' + (i+1);
        tid = 'f' + tid0;
        tr = document.getElementById(tid);
        if (!tr) {
            tid = 'p' + tid0;
            tr = document.getElementById(tid);
        }
        id_list[i] = tid;
        if (tr.className) {
            toHide = 0;
        }
    }
    for (var i = 0; i < count; i++) {
        tid = id_list[i];
        if (toHide) {
            document.getElementById('div_'+tid).style.display = 'none'
            document.getElementById(tid).className = 'hiddenRow';
        }
        else {
            document.getElementById(tid).className = '';
        }
    }
}


function showTestDetail(div_id){
    var details_div = document.getElementById(div_id)
    var displayState = details_div.style.display
    // alert(displayState)
    if (displayState != 'block' ) {
        displayState = 'block'
        details_div.style.display = 'block'
    }
    else {
        details_div.style.display = 'none'
    }
}


function html_escape(s) {
    s = s.replace(/&/g,'&amp;');
    s = s.replace(/</g,'&lt;');
    s = s.replace(/>/g,'&gt;');
    return s;
}

/* obsoleted by detail in <div>
function showOutput(id, name) {
    var w = window.open("", //url
                    name,
                    "resizable,scrollbars,status,width=800,height=450");
    d = w.document;
    d.write("<pre>");
    d.write(html_escape(output_list[id]));
    d.write("\n");
    d.write("<a href='javascript:window.close()'>close</a>\n");
    d.write("</pre>\n");
    d.close();
}
*/
--></script>

<div class='heading'>
<h1>博客测试</h1>
<p class='attribute'><strong>Start Time:</strong> 2018-03-21 14:19:30</p>
<p class='attribute'><strong>Duration:</strong> 0:01:36.361511</p>
<p class='attribute'><strong>Status:</strong> Error 13</p>

<p class='description'>测试结果</p>
</div>



<p id='show_detail_line'>Show
<a href='javascript:showCase(0)'>Summary</a>
<a href='javascript:showCase(1)'>Failed</a>
<a href='javascript:showCase(2)'>All</a>
</p>
<table id='result_table'>
<colgroup>
<col align='left' />
<col align='right' />
<col align='right' />
<col align='right' />
<col align='right' />
<col align='right' />
</colgroup>
<tr id='header_row'>
    <td>Test Group/Test case</td>
    <td>Count</td>
    <td>Pass</td>
    <td>Fail</td>
    <td>Error</td>
    <td>View</td>
</tr>

<tr class='errorClass'>
    <td>login_test.Testlogin</td>
    <td>3</td>
    <td>0</td>
    <td>0</td>
    <td>3</td>
    <td><a href="javascript:showClassDetail('c1',3)">Detail</a></td>
</tr>

<tr id='ft1.1' class='none'>
    <td class='errorCase'><div class='testcase'>test_login1_1</div></td>
    <td colspan='5' align='center'>

    <!--css div popup start-->
    <a class="popup_link" onfocus='this.blur();' href="javascript:showTestDetail('div_ft1.1')" >
        error</a>

    <div id='div_ft1.1' class="popup_window">
        <div style='text-align: right; color:red;cursor:pointer'>
        <a onfocus='this.blur();' onclick="document.getElementById('div_ft1.1').style.display = 'none' " >
           [x]</a>
        </div>
        <pre>
        
ft1.1: Traceback (most recent call last):
  File "C:\Users\Administrator\Desktop\python-selenium\testcase\login_test.py", line 13, in setUp
    self.derve=webdriver.Chrome()
  File "C:\Users\Administrator\AppData\Local\Programs\Python\Python36\lib\site-packages\selenium\webdriver\chrome\webdriver.py", line 75, in __init__
    desired_capabilities=desired_capabilities)
  File "C:\Users\Administrator\AppData\Local\Programs\Python\Python36\lib\site-packages\selenium\webdriver\remote\webdriver.py", line 154, in __init__
    self.start_session(desired_capabilities, browser_profile)
  File "C:\Users\Administrator\AppData\Local\Programs\Python\Python36\lib\site-packages\selenium\webdriver\remote\webdriver.py", line 243, in start_session
    response = self.execute(Command.NEW_SESSION, parameters)
  File "C:\Users\Administrator\AppData\Local\Programs\Python\Python36\lib\site-packages\selenium\webdriver\remote\webdriver.py", line 310, in execute
    response = self.command_executor.execute(driver_command, params)
  File "C:\Users\Administrator\AppData\Local\Programs\Python\Python36\lib\site-packages\selenium\webdriver\remote\remote_connection.py", line 466, in execute
    return self._request(command_info[0], url, body=data)
  File "C:\Users\Administrator\AppData\Local\Programs\Python\Python36\lib\site-packages\selenium\webdriver\remote\remote_connection.py", line 490, in _request
    resp = self._conn.getresponse()
  File "C:\Users\Administrator\AppData\Local\Programs\Python\Python36\lib\http\client.py", line 1331, in getresponse
    response.begin()
  File "C:\Users\Administrator\AppData\Local\Programs\Python\Python36\lib\http\client.py", line 297, in begin
    version, status, reason = self._read_status()
  File "C:\Users\Administrator\AppData\Local\Programs\Python\Python36\lib\http\client.py", line 258, in _read_status
    line = str(self.fp.readline(_MAXLINE + 1), "iso-8859-1")
  File "C:\Users\Administrator\AppData\Local\Programs\Python\Python36\lib\socket.py", line 586, in readinto
    return self._sock.recv_into(b)
ConnectionResetError: [WinError 10054] 远程主机强迫关闭了一个现有的连接。
Traceback (most recent call last):
  File "C:\Users\Administrator\Desktop\python-selenium\testcase\login_test.py", line 13, in setUp
    self.derve=webdriver.Chrome()
  File "C:\Users\Administrator\AppData\Local\Programs\Python\Python36\lib\site-packages\selenium\webdriver\chrome\webdriver.py", line 75, in __init__
    desired_capabilities=desired_capabilities)
  File "C:\Users\Administrator\AppData\Local\Programs\Python\Python36\lib\site-packages\selenium\webdriver\remote\webdriver.py", line 154, in __init__
    self.start_session(desired_capabilities, browser_profile)
  File "C:\Users\Administrator\AppData\Local\Programs\Python\Python36\lib\site-packages\selenium\webdriver\remote\webdriver.py", line 243, in start_session
    response = self.execute(Command.NEW_SESSION, parameters)
  File "C:\Users\Administrator\AppData\Local\Programs\Python\Python36\lib\site-packages\selenium\webdriver\remote\webdriver.py", line 310, in execute
    response = self.command_executor.execute(driver_command, params)
  File "C:\Users\Administrator\AppData\Local\Programs\Python\Python36\lib\site-packages\selenium\webdriver\remote\remote_connection.py", line 466, in execute
    return self._request(command_info[0], url, body=data)
  File "C:\Users\Administrator\AppData\Local\Programs\Python\Python36\lib\site-packages\selenium\webdriver\remote\remote_connection.py", line 490, in _request
    resp = self._conn.getresponse()
  File "C:\Users\Administrator\AppData\Local\Programs\Python\Python36\lib\http\client.py", line 1331, in getresponse
    response.begin()
  File "C:\Users\Administrator\AppData\Local\Programs\Python\Python36\lib\http\client.py", line 297, in begin
    version, status, reason = self._read_status()
  File "C:\Users\Administrator\AppData\Local\Programs\Python\Python36\lib\http\client.py", line 258, in _read_status
    line = str(self.fp.readline(_MAXLINE + 1), "iso-8859-1")
  File "C:\Users\Administrator\AppData\Local\Programs\Python\Python36\lib\socket.py", line 586, in readinto
    return self._sock.recv_into(b)
ConnectionResetError: [WinError 10054] 远程主机强迫关闭了一个现有的连接。


        </pre>
    </div>
    <!--css div popup end-->

    </td>
</tr>

<tr id='ft1.2' class='none'>
    <td class='errorCase'><div class='testcase'>test_login1_2</div></td>
    <td colspan='5' align='center'>

    <!--css div popup start-->
    <a class="popup_link" onfocus='this.blur();' href="javascript:showTestDetail('div_ft1.2')" >
        error</a>

    <div id='div_ft1.2' class="popup_window">
        <div style='text-align: right; color:red;cursor:pointer'>
        <a onfocus='this.blur();' onclick="document.getElementById('div_ft1.2').style.display = 'none' " >
           [x]</a>
        </div>
        <pre>
        
ft1.2: Traceback (most recent call last):
  File "C:\Users\Administrator\Desktop\python-selenium\testcase\login_test.py", line 13, in setUp
    self.derve=webdriver.Chrome()
  File "C:\Users\Administrator\AppData\Local\Programs\Python\Python36\lib\site-packages\selenium\webdriver\chrome\webdriver.py", line 75, in __init__
    desired_capabilities=desired_capabilities)
  File "C:\Users\Administrator\AppData\Local\Programs\Python\Python36\lib\site-packages\selenium\webdriver\remote\webdriver.py", line 154, in __init__
    self.start_session(desired_capabilities, browser_profile)
  File "C:\Users\Administrator\AppData\Local\Programs\Python\Python36\lib\site-packages\selenium\webdriver\remote\webdriver.py", line 243, in start_session
    response = self.execute(Command.NEW_SESSION, parameters)
  File "C:\Users\Administrator\AppData\Local\Programs\Python\Python36\lib\site-packages\selenium\webdriver\remote\webdriver.py", line 312, in execute
    self.error_handler.check_response(response)
  File "C:\Users\Administrator\AppData\Local\Programs\Python\Python36\lib\site-packages\selenium\webdriver\remote\errorhandler.py", line 237, in check_response
    raise exception_class(message, screen, stacktrace)
selenium.common.exceptions.SessionNotCreatedException: Message: session not created exception
from unknown error: Runtime.executionContextCreated has invalid 'context': {"auxData":{"frameId":"(D2FB75E39678D60663729AA4E7A67632)","isDefault":true},"id":1,"name":"","origin":"://"}
  (Session info: chrome=63.0.3239.132)
  (Driver info: chromedriver=2.21.371459 (36d3d07f660ff2bc1bf28a75d1cdabed0983e7c4),platform=Windows NT 6.1 SP1 x86_64)

Traceback (most recent call last):
  File "C:\Users\Administrator\Desktop\python-selenium\testcase\login_test.py", line 13, in setUp
    self.derve=webdriver.Chrome()
  File "C:\Users\Administrator\AppData\Local\Programs\Python\Python36\lib\site-packages\selenium\webdriver\chrome\webdriver.py", line 75, in __init__
    desired_capabilities=desired_capabilities)
  File "C:\Users\Administrator\AppData\Local\Programs\Python\Python36\lib\site-packages\selenium\webdriver\remote\webdriver.py", line 154, in __init__
    self.start_session(desired_capabilities, browser_profile)
  File "C:\Users\Administrator\AppData\Local\Programs\Python\Python36\lib\site-packages\selenium\webdriver\remote\webdriver.py", line 243, in start_session
    response = self.execute(Command.NEW_SESSION, parameters)
  File "C:\Users\Administrator\AppData\Local\Programs\Python\Python36\lib\site-packages\selenium\webdriver\remote\webdriver.py", line 312, in execute
    self.error_handler.check_response(response)
  File "C:\Users\Administrator\AppData\Local\Programs\Python\Python36\lib\site-packages\selenium\webdriver\remote\errorhandler.py", line 237, in check_response
    raise exception_class(message, screen, stacktrace)
selenium.common.exceptions.SessionNotCreatedException: Message: session not created exception
from unknown error: Runtime.executionContextCreated has invalid 'context': {"auxData":{"frameId":"(D2FB75E39678D60663729AA4E7A67632)","isDefault":true},"id":1,"name":"","origin":"://"}
  (Session info: chrome=63.0.3239.132)
  (Driver info: chromedriver=2.21.371459 (36d3d07f660ff2bc1bf28a75d1cdabed0983e7c4),platform=Windows NT 6.1 SP1 x86_64)



        </pre>
    </div>
    <!--css div popup end-->

    </td>
</tr>

<tr id='ft1.3' class='none'>
    <td class='errorCase'><div class='testcase'>test_login1_3</div></td>
    <td colspan='5' align='center'>

    <!--css div popup start-->
    <a class="popup_link" onfocus='this.blur();' href="javascript:showTestDetail('div_ft1.3')" >
        error</a>

    <div id='div_ft1.3' class="popup_window">
        <div style='text-align: right; color:red;cursor:pointer'>
        <a onfocus='this.blur();' onclick="document.getElementById('div_ft1.3').style.display = 'none' " >
           [x]</a>
        </div>
        <pre>
        
ft1.3: Traceback (most recent call last):
  File "C:\Users\Administrator\Desktop\python-selenium\testcase\login_test.py", line 13, in setUp
    self.derve=webdriver.Chrome()
  File "C:\Users\Administrator\AppData\Local\Programs\Python\Python36\lib\site-packages\selenium\webdriver\chrome\webdriver.py", line 75, in __init__
    desired_capabilities=desired_capabilities)
  File "C:\Users\Administrator\AppData\Local\Programs\Python\Python36\lib\site-packages\selenium\webdriver\remote\webdriver.py", line 154, in __init__
    self.start_session(desired_capabilities, browser_profile)
  File "C:\Users\Administrator\AppData\Local\Programs\Python\Python36\lib\site-packages\selenium\webdriver\remote\webdriver.py", line 243, in start_session
    response = self.execute(Command.NEW_SESSION, parameters)
  File "C:\Users\Administrator\AppData\Local\Programs\Python\Python36\lib\site-packages\selenium\webdriver\remote\webdriver.py", line 310, in execute
    response = self.command_executor.execute(driver_command, params)
  File "C:\Users\Administrator\AppData\Local\Programs\Python\Python36\lib\site-packages\selenium\webdriver\remote\remote_connection.py", line 466, in execute
    return self._request(command_info[0], url, body=data)
  File "C:\Users\Administrator\AppData\Local\Programs\Python\Python36\lib\site-packages\selenium\webdriver\remote\remote_connection.py", line 490, in _request
    resp = self._conn.getresponse()
  File "C:\Users\Administrator\AppData\Local\Programs\Python\Python36\lib\http\client.py", line 1331, in getresponse
    response.begin()
  File "C:\Users\Administrator\AppData\Local\Programs\Python\Python36\lib\http\client.py", line 297, in begin
    version, status, reason = self._read_status()
  File "C:\Users\Administrator\AppData\Local\Programs\Python\Python36\lib\http\client.py", line 258, in _read_status
    line = str(self.fp.readline(_MAXLINE + 1), "iso-8859-1")
  File "C:\Users\Administrator\AppData\Local\Programs\Python\Python36\lib\socket.py", line 586, in readinto
    return self._sock.recv_into(b)
ConnectionResetError: [WinError 10054] 远程主机强迫关闭了一个现有的连接。
Traceback (most recent call last):
  File "C:\Users\Administrator\Desktop\python-selenium\testcase\login_test.py", line 13, in setUp
    self.derve=webdriver.Chrome()
  File "C:\Users\Administrator\AppData\Local\Programs\Python\Python36\lib\site-packages\selenium\webdriver\chrome\webdriver.py", line 75, in __init__
    desired_capabilities=desired_capabilities)
  File "C:\Users\Administrator\AppData\Local\Programs\Python\Python36\lib\site-packages\selenium\webdriver\remote\webdriver.py", line 154, in __init__
    self.start_session(desired_capabilities, browser_profile)
  File "C:\Users\Administrator\AppData\Local\Programs\Python\Python36\lib\site-packages\selenium\webdriver\remote\webdriver.py", line 243, in start_session
    response = self.execute(Command.NEW_SESSION, parameters)
  File "C:\Users\Administrator\AppData\Local\Programs\Python\Python36\lib\site-packages\selenium\webdriver\remote\webdriver.py", line 310, in execute
    response = self.command_executor.execute(driver_command, params)
  File "C:\Users\Administrator\AppData\Local\Programs\Python\Python36\lib\site-packages\selenium\webdriver\remote\remote_connection.py", line 466, in execute
    return self._request(command_info[0], url, body=data)
  File "C:\Users\Administrator\AppData\Local\Programs\Python\Python36\lib\site-packages\selenium\webdriver\remote\remote_connection.py", line 490, in _request
    resp = self._conn.getresponse()
  File "C:\Users\Administrator\AppData\Local\Programs\Python\Python36\lib\http\client.py", line 1331, in getresponse
    response.begin()
  File "C:\Users\Administrator\AppData\Local\Programs\Python\Python36\lib\http\client.py", line 297, in begin
    version, status, reason = self._read_status()
  File "C:\Users\Administrator\AppData\Local\Programs\Python\Python36\lib\http\client.py", line 258, in _read_status
    line = str(self.fp.readline(_MAXLINE + 1), "iso-8859-1")
  File "C:\Users\Administrator\AppData\Local\Programs\Python\Python36\lib\socket.py", line 586, in readinto
    return self._sock.recv_into(b)
ConnectionResetError: [WinError 10054] 远程主机强迫关闭了一个现有的连接。


        </pre>
    </div>
    <!--css div popup end-->

    </td>
</tr>

<tr class='errorClass'>
    <td>xiugai_test.Test_xiugai</td>
    <td>3</td>
    <td>0</td>
    <td>0</td>
    <td>3</td>
    <td><a href="javascript:showClassDetail('c2',3)">Detail</a></td>
</tr>

<tr id='ft2.1' class='none'>
    <td class='errorCase'><div class='testcase'>test_xiugai_1_1</div></td>
    <td colspan='5' align='center'>

    <!--css div popup start-->
    <a class="popup_link" onfocus='this.blur();' href="javascript:showTestDetail('div_ft2.1')" >
        error</a>

    <div id='div_ft2.1' class="popup_window">
        <div style='text-align: right; color:red;cursor:pointer'>
        <a onfocus='this.blur();' onclick="document.getElementById('div_ft2.1').style.display = 'none' " >
           [x]</a>
        </div>
        <pre>
        
ft2.1: Traceback (most recent call last):
  File "C:\Users\Administrator\Desktop\python-selenium\testcase\xiugai_test.py", line 15, in setUp
    self.derve=webdriver.Chrome()
  File "C:\Users\Administrator\AppData\Local\Programs\Python\Python36\lib\site-packages\selenium\webdriver\chrome\webdriver.py", line 75, in __init__
    desired_capabilities=desired_capabilities)
  File "C:\Users\Administrator\AppData\Local\Programs\Python\Python36\lib\site-packages\selenium\webdriver\remote\webdriver.py", line 154, in __init__
    self.start_session(desired_capabilities, browser_profile)
  File "C:\Users\Administrator\AppData\Local\Programs\Python\Python36\lib\site-packages\selenium\webdriver\remote\webdriver.py", line 243, in start_session
    response = self.execute(Command.NEW_SESSION, parameters)
  File "C:\Users\Administrator\AppData\Local\Programs\Python\Python36\lib\site-packages\selenium\webdriver\remote\webdriver.py", line 310, in execute
    response = self.command_executor.execute(driver_command, params)
  File "C:\Users\Administrator\AppData\Local\Programs\Python\Python36\lib\site-packages\selenium\webdriver\remote\remote_connection.py", line 466, in execute
    return self._request(command_info[0], url, body=data)
  File "C:\Users\Administrator\AppData\Local\Programs\Python\Python36\lib\site-packages\selenium\webdriver\remote\remote_connection.py", line 490, in _request
    resp = self._conn.getresponse()
  File "C:\Users\Administrator\AppData\Local\Programs\Python\Python36\lib\http\client.py", line 1331, in getresponse
    response.begin()
  File "C:\Users\Administrator\AppData\Local\Programs\Python\Python36\lib\http\client.py", line 297, in begin
    version, status, reason = self._read_status()
  File "C:\Users\Administrator\AppData\Local\Programs\Python\Python36\lib\http\client.py", line 258, in _read_status
    line = str(self.fp.readline(_MAXLINE + 1), "iso-8859-1")
  File "C:\Users\Administrator\AppData\Local\Programs\Python\Python36\lib\socket.py", line 586, in readinto
    return self._sock.recv_into(b)
ConnectionResetError: [WinError 10054] 远程主机强迫关闭了一个现有的连接。
Traceback (most recent call last):
  File "C:\Users\Administrator\Desktop\python-selenium\testcase\xiugai_test.py", line 15, in setUp
    self.derve=webdriver.Chrome()
  File "C:\Users\Administrator\AppData\Local\Programs\Python\Python36\lib\site-packages\selenium\webdriver\chrome\webdriver.py", line 75, in __init__
    desired_capabilities=desired_capabilities)
  File "C:\Users\Administrator\AppData\Local\Programs\Python\Python36\lib\site-packages\selenium\webdriver\remote\webdriver.py", line 154, in __init__
    self.start_session(desired_capabilities, browser_profile)
  File "C:\Users\Administrator\AppData\Local\Programs\Python\Python36\lib\site-packages\selenium\webdriver\remote\webdriver.py", line 243, in start_session
    response = self.execute(Command.NEW_SESSION, parameters)
  File "C:\Users\Administrator\AppData\Local\Programs\Python\Python36\lib\site-packages\selenium\webdriver\remote\webdriver.py", line 310, in execute
    response = self.command_executor.execute(driver_command, params)
  File "C:\Users\Administrator\AppData\Local\Programs\Python\Python36\lib\site-packages\selenium\webdriver\remote\remote_connection.py", line 466, in execute
    return self._request(command_info[0], url, body=data)
  File "C:\Users\Administrator\AppData\Local\Programs\Python\Python36\lib\site-packages\selenium\webdriver\remote\remote_connection.py", line 490, in _request
    resp = self._conn.getresponse()
  File "C:\Users\Administrator\AppData\Local\Programs\Python\Python36\lib\http\client.py", line 1331, in getresponse
    response.begin()
  File "C:\Users\Administrator\AppData\Local\Programs\Python\Python36\lib\http\client.py", line 297, in begin
    version, status, reason = self._read_status()
  File "C:\Users\Administrator\AppData\Local\Programs\Python\Python36\lib\http\client.py", line 258, in _read_status
    line = str(self.fp.readline(_MAXLINE + 1), "iso-8859-1")
  File "C:\Users\Administrator\AppData\Local\Programs\Python\Python36\lib\socket.py", line 586, in readinto
    return self._sock.recv_into(b)
ConnectionResetError: [WinError 10054] 远程主机强迫关闭了一个现有的连接。


        </pre>
    </div>
    <!--css div popup end-->

    </td>
</tr>

<tr id='ft2.2' class='none'>
    <td class='errorCase'><div class='testcase'>test_xiugai_1_2</div></td>
    <td colspan='5' align='center'>

    <!--css div popup start-->
    <a class="popup_link" onfocus='this.blur();' href="javascript:showTestDetail('div_ft2.2')" >
        error</a>

    <div id='div_ft2.2' class="popup_window">
        <div style='text-align: right; color:red;cursor:pointer'>
        <a onfocus='this.blur();' onclick="document.getElementById('div_ft2.2').style.display = 'none' " >
           [x]</a>
        </div>
        <pre>
        
ft2.2: Traceback (most recent call last):
  File "C:\Users\Administrator\Desktop\python-selenium\testcase\xiugai_test.py", line 15, in setUp
    self.derve=webdriver.Chrome()
  File "C:\Users\Administrator\AppData\Local\Programs\Python\Python36\lib\site-packages\selenium\webdriver\chrome\webdriver.py", line 75, in __init__
    desired_capabilities=desired_capabilities)
  File "C:\Users\Administrator\AppData\Local\Programs\Python\Python36\lib\site-packages\selenium\webdriver\remote\webdriver.py", line 154, in __init__
    self.start_session(desired_capabilities, browser_profile)
  File "C:\Users\Administrator\AppData\Local\Programs\Python\Python36\lib\site-packages\selenium\webdriver\remote\webdriver.py", line 243, in start_session
    response = self.execute(Command.NEW_SESSION, parameters)
  File "C:\Users\Administrator\AppData\Local\Programs\Python\Python36\lib\site-packages\selenium\webdriver\remote\webdriver.py", line 312, in execute
    self.error_handler.check_response(response)
  File "C:\Users\Administrator\AppData\Local\Programs\Python\Python36\lib\site-packages\selenium\webdriver\remote\errorhandler.py", line 237, in check_response
    raise exception_class(message, screen, stacktrace)
selenium.common.exceptions.SessionNotCreatedException: Message: session not created exception
from unknown error: Runtime.executionContextCreated has invalid 'context': {"auxData":{"frameId":"(CDD43FB7B09A71E09EA4C9F7743E632C)","isDefault":true},"id":1,"name":"","origin":"://"}
  (Session info: chrome=63.0.3239.132)
  (Driver info: chromedriver=2.21.371459 (36d3d07f660ff2bc1bf28a75d1cdabed0983e7c4),platform=Windows NT 6.1 SP1 x86_64)

Traceback (most recent call last):
  File "C:\Users\Administrator\Desktop\python-selenium\testcase\xiugai_test.py", line 15, in setUp
    self.derve=webdriver.Chrome()
  File "C:\Users\Administrator\AppData\Local\Programs\Python\Python36\lib\site-packages\selenium\webdriver\chrome\webdriver.py", line 75, in __init__
    desired_capabilities=desired_capabilities)
  File "C:\Users\Administrator\AppData\Local\Programs\Python\Python36\lib\site-packages\selenium\webdriver\remote\webdriver.py", line 154, in __init__
    self.start_session(desired_capabilities, browser_profile)
  File "C:\Users\Administrator\AppData\Local\Programs\Python\Python36\lib\site-packages\selenium\webdriver\remote\webdriver.py", line 243, in start_session
    response = self.execute(Command.NEW_SESSION, parameters)
  File "C:\Users\Administrator\AppData\Local\Programs\Python\Python36\lib\site-packages\selenium\webdriver\remote\webdriver.py", line 312, in execute
    self.error_handler.check_response(response)
  File "C:\Users\Administrator\AppData\Local\Programs\Python\Python36\lib\site-packages\selenium\webdriver\remote\errorhandler.py", line 237, in check_response
    raise exception_class(message, screen, stacktrace)
selenium.common.exceptions.SessionNotCreatedException: Message: session not created exception
from unknown error: Runtime.executionContextCreated has invalid 'context': {"auxData":{"frameId":"(CDD43FB7B09A71E09EA4C9F7743E632C)","isDefault":true},"id":1,"name":"","origin":"://"}
  (Session info: chrome=63.0.3239.132)
  (Driver info: chromedriver=2.21.371459 (36d3d07f660ff2bc1bf28a75d1cdabed0983e7c4),platform=Windows NT 6.1 SP1 x86_64)



        </pre>
    </div>
    <!--css div popup end-->

    </td>
</tr>

<tr id='ft2.3' class='none'>
    <td class='errorCase'><div class='testcase'>test_xiugai_1_3</div></td>
    <td colspan='5' align='center'>

    <!--css div popup start-->
    <a class="popup_link" onfocus='this.blur();' href="javascript:showTestDetail('div_ft2.3')" >
        error</a>

    <div id='div_ft2.3' class="popup_window">
        <div style='text-align: right; color:red;cursor:pointer'>
        <a onfocus='this.blur();' onclick="document.getElementById('div_ft2.3').style.display = 'none' " >
           [x]</a>
        </div>
        <pre>
        
ft2.3: Traceback (most recent call last):
  File "C:\Users\Administrator\Desktop\python-selenium\testcase\xiugai_test.py", line 15, in setUp
    self.derve=webdriver.Chrome()
  File "C:\Users\Administrator\AppData\Local\Programs\Python\Python36\lib\site-packages\selenium\webdriver\chrome\webdriver.py", line 75, in __init__
    desired_capabilities=desired_capabilities)
  File "C:\Users\Administrator\AppData\Local\Programs\Python\Python36\lib\site-packages\selenium\webdriver\remote\webdriver.py", line 154, in __init__
    self.start_session(desired_capabilities, browser_profile)
  File "C:\Users\Administrator\AppData\Local\Programs\Python\Python36\lib\site-packages\selenium\webdriver\remote\webdriver.py", line 243, in start_session
    response = self.execute(Command.NEW_SESSION, parameters)
  File "C:\Users\Administrator\AppData\Local\Programs\Python\Python36\lib\site-packages\selenium\webdriver\remote\webdriver.py", line 312, in execute
    self.error_handler.check_response(response)
  File "C:\Users\Administrator\AppData\Local\Programs\Python\Python36\lib\site-packages\selenium\webdriver\remote\errorhandler.py", line 237, in check_response
    raise exception_class(message, screen, stacktrace)
selenium.common.exceptions.SessionNotCreatedException: Message: session not created exception
from unknown error: Runtime.executionContextCreated has invalid 'context': {"auxData":{"frameId":"(DE856A24C749FD0878ACB968EAE6CF34)","isDefault":true},"id":1,"name":"","origin":"://"}
  (Session info: chrome=63.0.3239.132)
  (Driver info: chromedriver=2.21.371459 (36d3d07f660ff2bc1bf28a75d1cdabed0983e7c4),platform=Windows NT 6.1 SP1 x86_64)

Traceback (most recent call last):
  File "C:\Users\Administrator\Desktop\python-selenium\testcase\xiugai_test.py", line 15, in setUp
    self.derve=webdriver.Chrome()
  File "C:\Users\Administrator\AppData\Local\Programs\Python\Python36\lib\site-packages\selenium\webdriver\chrome\webdriver.py", line 75, in __init__
    desired_capabilities=desired_capabilities)
  File "C:\Users\Administrator\AppData\Local\Programs\Python\Python36\lib\site-packages\selenium\webdriver\remote\webdriver.py", line 154, in __init__
    self.start_session(desired_capabilities, browser_profile)
  File "C:\Users\Administrator\AppData\Local\Programs\Python\Python36\lib\site-packages\selenium\webdriver\remote\webdriver.py", line 243, in start_session
    response = self.execute(Command.NEW_SESSION, parameters)
  File "C:\Users\Administrator\AppData\Local\Programs\Python\Python36\lib\site-packages\selenium\webdriver\remote\webdriver.py", line 312, in execute
    self.error_handler.check_response(response)
  File "C:\Users\Administrator\AppData\Local\Programs\Python\Python36\lib\site-packages\selenium\webdriver\remote\errorhandler.py", line 237, in check_response
    raise exception_class(message, screen, stacktrace)
selenium.common.exceptions.SessionNotCreatedException: Message: session not created exception
from unknown error: Runtime.executionContextCreated has invalid 'context': {"auxData":{"frameId":"(DE856A24C749FD0878ACB968EAE6CF34)","isDefault":true},"id":1,"name":"","origin":"://"}
  (Session info: chrome=63.0.3239.132)
  (Driver info: chromedriver=2.21.371459 (36d3d07f660ff2bc1bf28a75d1cdabed0983e7c4),platform=Windows NT 6.1 SP1 x86_64)



        </pre>
    </div>
    <!--css div popup end-->

    </td>
</tr>

<tr class='errorClass'>
    <td>zhaohui_test.Testzhaohui</td>
    <td>3</td>
    <td>0</td>
    <td>0</td>
    <td>3</td>
    <td><a href="javascript:showClassDetail('c3',3)">Detail</a></td>
</tr>

<tr id='ft3.1' class='none'>
    <td class='errorCase'><div class='testcase'>test_zhaohui_1_1</div></td>
    <td colspan='5' align='center'>

    <!--css div popup start-->
    <a class="popup_link" onfocus='this.blur();' href="javascript:showTestDetail('div_ft3.1')" >
        error</a>

    <div id='div_ft3.1' class="popup_window">
        <div style='text-align: right; color:red;cursor:pointer'>
        <a onfocus='this.blur();' onclick="document.getElementById('div_ft3.1').style.display = 'none' " >
           [x]</a>
        </div>
        <pre>
        
ft3.1: Traceback (most recent call last):
  File "C:\Users\Administrator\Desktop\python-selenium\testcase\zhaohui_test.py", line 15, in setUp
    self.derve=webdriver.Chrome()
  File "C:\Users\Administrator\AppData\Local\Programs\Python\Python36\lib\site-packages\selenium\webdriver\chrome\webdriver.py", line 75, in __init__
    desired_capabilities=desired_capabilities)
  File "C:\Users\Administrator\AppData\Local\Programs\Python\Python36\lib\site-packages\selenium\webdriver\remote\webdriver.py", line 154, in __init__
    self.start_session(desired_capabilities, browser_profile)
  File "C:\Users\Administrator\AppData\Local\Programs\Python\Python36\lib\site-packages\selenium\webdriver\remote\webdriver.py", line 243, in start_session
    response = self.execute(Command.NEW_SESSION, parameters)
  File "C:\Users\Administrator\AppData\Local\Programs\Python\Python36\lib\site-packages\selenium\webdriver\remote\webdriver.py", line 312, in execute
    self.error_handler.check_response(response)
  File "C:\Users\Administrator\AppData\Local\Programs\Python\Python36\lib\site-packages\selenium\webdriver\remote\errorhandler.py", line 237, in check_response
    raise exception_class(message, screen, stacktrace)
selenium.common.exceptions.SessionNotCreatedException: Message: session not created exception
from unknown error: Runtime.executionContextCreated has invalid 'context': {"auxData":{"frameId":"(2A5E07CC20D6017B26617BB509418E9C)","isDefault":true},"id":1,"name":"","origin":"://"}
  (Session info: chrome=63.0.3239.132)
  (Driver info: chromedriver=2.21.371459 (36d3d07f660ff2bc1bf28a75d1cdabed0983e7c4),platform=Windows NT 6.1 SP1 x86_64)

Traceback (most recent call last):
  File "C:\Users\Administrator\Desktop\python-selenium\testcase\zhaohui_test.py", line 15, in setUp
    self.derve=webdriver.Chrome()
  File "C:\Users\Administrator\AppData\Local\Programs\Python\Python36\lib\site-packages\selenium\webdriver\chrome\webdriver.py", line 75, in __init__
    desired_capabilities=desired_capabilities)
  File "C:\Users\Administrator\AppData\Local\Programs\Python\Python36\lib\site-packages\selenium\webdriver\remote\webdriver.py", line 154, in __init__
    self.start_session(desired_capabilities, browser_profile)
  File "C:\Users\Administrator\AppData\Local\Programs\Python\Python36\lib\site-packages\selenium\webdriver\remote\webdriver.py", line 243, in start_session
    response = self.execute(Command.NEW_SESSION, parameters)
  File "C:\Users\Administrator\AppData\Local\Programs\Python\Python36\lib\site-packages\selenium\webdriver\remote\webdriver.py", line 312, in execute
    self.error_handler.check_response(response)
  File "C:\Users\Administrator\AppData\Local\Programs\Python\Python36\lib\site-packages\selenium\webdriver\remote\errorhandler.py", line 237, in check_response
    raise exception_class(message, screen, stacktrace)
selenium.common.exceptions.SessionNotCreatedException: Message: session not created exception
from unknown error: Runtime.executionContextCreated has invalid 'context': {"auxData":{"frameId":"(2A5E07CC20D6017B26617BB509418E9C)","isDefault":true},"id":1,"name":"","origin":"://"}
  (Session info: chrome=63.0.3239.132)
  (Driver info: chromedriver=2.21.371459 (36d3d07f660ff2bc1bf28a75d1cdabed0983e7c4),platform=Windows NT 6.1 SP1 x86_64)



        </pre>
    </div>
    <!--css div popup end-->

    </td>
</tr>

<tr id='ft3.2' class='none'>
    <td class='errorCase'><div class='testcase'>test_zhaohui_1_2</div></td>
    <td colspan='5' align='center'>

    <!--css div popup start-->
    <a class="popup_link" onfocus='this.blur();' href="javascript:showTestDetail('div_ft3.2')" >
        error</a>

    <div id='div_ft3.2' class="popup_window">
        <div style='text-align: right; color:red;cursor:pointer'>
        <a onfocus='this.blur();' onclick="document.getElementById('div_ft3.2').style.display = 'none' " >
           [x]</a>
        </div>
        <pre>
        
ft3.2: Traceback (most recent call last):
  File "C:\Users\Administrator\Desktop\python-selenium\testcase\zhaohui_test.py", line 15, in setUp
    self.derve=webdriver.Chrome()
  File "C:\Users\Administrator\AppData\Local\Programs\Python\Python36\lib\site-packages\selenium\webdriver\chrome\webdriver.py", line 75, in __init__
    desired_capabilities=desired_capabilities)
  File "C:\Users\Administrator\AppData\Local\Programs\Python\Python36\lib\site-packages\selenium\webdriver\remote\webdriver.py", line 154, in __init__
    self.start_session(desired_capabilities, browser_profile)
  File "C:\Users\Administrator\AppData\Local\Programs\Python\Python36\lib\site-packages\selenium\webdriver\remote\webdriver.py", line 243, in start_session
    response = self.execute(Command.NEW_SESSION, parameters)
  File "C:\Users\Administrator\AppData\Local\Programs\Python\Python36\lib\site-packages\selenium\webdriver\remote\webdriver.py", line 312, in execute
    self.error_handler.check_response(response)
  File "C:\Users\Administrator\AppData\Local\Programs\Python\Python36\lib\site-packages\selenium\webdriver\remote\errorhandler.py", line 237, in check_response
    raise exception_class(message, screen, stacktrace)
selenium.common.exceptions.SessionNotCreatedException: Message: session not created exception
from unknown error: Runtime.executionContextCreated has invalid 'context': {"auxData":{"frameId":"(2B23A562995F5C67C84572932213D541)","isDefault":true},"id":1,"name":"","origin":"://"}
  (Session info: chrome=63.0.3239.132)
  (Driver info: chromedriver=2.21.371459 (36d3d07f660ff2bc1bf28a75d1cdabed0983e7c4),platform=Windows NT 6.1 SP1 x86_64)

Traceback (most recent call last):
  File "C:\Users\Administrator\Desktop\python-selenium\testcase\zhaohui_test.py", line 15, in setUp
    self.derve=webdriver.Chrome()
  File "C:\Users\Administrator\AppData\Local\Programs\Python\Python36\lib\site-packages\selenium\webdriver\chrome\webdriver.py", line 75, in __init__
    desired_capabilities=desired_capabilities)
  File "C:\Users\Administrator\AppData\Local\Programs\Python\Python36\lib\site-packages\selenium\webdriver\remote\webdriver.py", line 154, in __init__
    self.start_session(desired_capabilities, browser_profile)
  File "C:\Users\Administrator\AppData\Local\Programs\Python\Python36\lib\site-packages\selenium\webdriver\remote\webdriver.py", line 243, in start_session
    response = self.execute(Command.NEW_SESSION, parameters)
  File "C:\Users\Administrator\AppData\Local\Programs\Python\Python36\lib\site-packages\selenium\webdriver\remote\webdriver.py", line 312, in execute
    self.error_handler.check_response(response)
  File "C:\Users\Administrator\AppData\Local\Programs\Python\Python36\lib\site-packages\selenium\webdriver\remote\errorhandler.py", line 237, in check_response
    raise exception_class(message, screen, stacktrace)
selenium.common.exceptions.SessionNotCreatedException: Message: session not created exception
from unknown error: Runtime.executionContextCreated has invalid 'context': {"auxData":{"frameId":"(2B23A562995F5C67C84572932213D541)","isDefault":true},"id":1,"name":"","origin":"://"}
  (Session info: chrome=63.0.3239.132)
  (Driver info: chromedriver=2.21.371459 (36d3d07f660ff2bc1bf28a75d1cdabed0983e7c4),platform=Windows NT 6.1 SP1 x86_64)



        </pre>
    </div>
    <!--css div popup end-->

    </td>
</tr>

<tr id='ft3.3' class='none'>
    <td class='errorCase'><div class='testcase'>test_zhaohui_1_3</div></td>
    <td colspan='5' align='center'>

    <!--css div popup start-->
    <a class="popup_link" onfocus='this.blur();' href="javascript:showTestDetail('div_ft3.3')" >
        error</a>

    <div id='div_ft3.3' class="popup_window">
        <div style='text-align: right; color:red;cursor:pointer'>
        <a onfocus='this.blur();' onclick="document.getElementById('div_ft3.3').style.display = 'none' " >
           [x]</a>
        </div>
        <pre>
        
ft3.3: Traceback (most recent call last):
  File "C:\Users\Administrator\Desktop\python-selenium\testcase\zhaohui_test.py", line 15, in setUp
    self.derve=webdriver.Chrome()
  File "C:\Users\Administrator\AppData\Local\Programs\Python\Python36\lib\site-packages\selenium\webdriver\chrome\webdriver.py", line 75, in __init__
    desired_capabilities=desired_capabilities)
  File "C:\Users\Administrator\AppData\Local\Programs\Python\Python36\lib\site-packages\selenium\webdriver\remote\webdriver.py", line 154, in __init__
    self.start_session(desired_capabilities, browser_profile)
  File "C:\Users\Administrator\AppData\Local\Programs\Python\Python36\lib\site-packages\selenium\webdriver\remote\webdriver.py", line 243, in start_session
    response = self.execute(Command.NEW_SESSION, parameters)
  File "C:\Users\Administrator\AppData\Local\Programs\Python\Python36\lib\site-packages\selenium\webdriver\remote\webdriver.py", line 312, in execute
    self.error_handler.check_response(response)
  File "C:\Users\Administrator\AppData\Local\Programs\Python\Python36\lib\site-packages\selenium\webdriver\remote\errorhandler.py", line 237, in check_response
    raise exception_class(message, screen, stacktrace)
selenium.common.exceptions.SessionNotCreatedException: Message: session not created exception
from unknown error: Runtime.executionContextCreated has invalid 'context': {"auxData":{"frameId":"(285F216CDA22E31CE93FF96363F0BEDF)","isDefault":true},"id":1,"name":"","origin":"://"}
  (Session info: chrome=63.0.3239.132)
  (Driver info: chromedriver=2.21.371459 (36d3d07f660ff2bc1bf28a75d1cdabed0983e7c4),platform=Windows NT 6.1 SP1 x86_64)

Traceback (most recent call last):
  File "C:\Users\Administrator\Desktop\python-selenium\testcase\zhaohui_test.py", line 15, in setUp
    self.derve=webdriver.Chrome()
  File "C:\Users\Administrator\AppData\Local\Programs\Python\Python36\lib\site-packages\selenium\webdriver\chrome\webdriver.py", line 75, in __init__
    desired_capabilities=desired_capabilities)
  File "C:\Users\Administrator\AppData\Local\Programs\Python\Python36\lib\site-packages\selenium\webdriver\remote\webdriver.py", line 154, in __init__
    self.start_session(desired_capabilities, browser_profile)
  File "C:\Users\Administrator\AppData\Local\Programs\Python\Python36\lib\site-packages\selenium\webdriver\remote\webdriver.py", line 243, in start_session
    response = self.execute(Command.NEW_SESSION, parameters)
  File "C:\Users\Administrator\AppData\Local\Programs\Python\Python36\lib\site-packages\selenium\webdriver\remote\webdriver.py", line 312, in execute
    self.error_handler.check_response(response)
  File "C:\Users\Administrator\AppData\Local\Programs\Python\Python36\lib\site-packages\selenium\webdriver\remote\errorhandler.py", line 237, in check_response
    raise exception_class(message, screen, stacktrace)
selenium.common.exceptions.SessionNotCreatedException: Message: session not created exception
from unknown error: Runtime.executionContextCreated has invalid 'context': {"auxData":{"frameId":"(285F216CDA22E31CE93FF96363F0BEDF)","isDefault":true},"id":1,"name":"","origin":"://"}
  (Session info: chrome=63.0.3239.132)
  (Driver info: chromedriver=2.21.371459 (36d3d07f660ff2bc1bf28a75d1cdabed0983e7c4),platform=Windows NT 6.1 SP1 x86_64)



        </pre>
    </div>
    <!--css div popup end-->

    </td>
</tr>

<tr class='errorClass'>
    <td>zhuce_test.Testzhuce</td>
    <td>4</td>
    <td>0</td>
    <td>0</td>
    <td>4</td>
    <td><a href="javascript:showClassDetail('c4',4)">Detail</a></td>
</tr>

<tr id='ft4.1' class='none'>
    <td class='errorCase'><div class='testcase'>test_zhuce_1_1</div></td>
    <td colspan='5' align='center'>

    <!--css div popup start-->
    <a class="popup_link" onfocus='this.blur();' href="javascript:showTestDetail('div_ft4.1')" >
        error</a>

    <div id='div_ft4.1' class="popup_window">
        <div style='text-align: right; color:red;cursor:pointer'>
        <a onfocus='this.blur();' onclick="document.getElementById('div_ft4.1').style.display = 'none' " >
           [x]</a>
        </div>
        <pre>
        
ft4.1: Traceback (most recent call last):
  File "C:\Users\Administrator\Desktop\python-selenium\testcase\zhuce_test.py", line 15, in setUp
    self.derve=webdriver.Chrome()
  File "C:\Users\Administrator\AppData\Local\Programs\Python\Python36\lib\site-packages\selenium\webdriver\chrome\webdriver.py", line 75, in __init__
    desired_capabilities=desired_capabilities)
  File "C:\Users\Administrator\AppData\Local\Programs\Python\Python36\lib\site-packages\selenium\webdriver\remote\webdriver.py", line 154, in __init__
    self.start_session(desired_capabilities, browser_profile)
  File "C:\Users\Administrator\AppData\Local\Programs\Python\Python36\lib\site-packages\selenium\webdriver\remote\webdriver.py", line 243, in start_session
    response = self.execute(Command.NEW_SESSION, parameters)
  File "C:\Users\Administrator\AppData\Local\Programs\Python\Python36\lib\site-packages\selenium\webdriver\remote\webdriver.py", line 312, in execute
    self.error_handler.check_response(response)
  File "C:\Users\Administrator\AppData\Local\Programs\Python\Python36\lib\site-packages\selenium\webdriver\remote\errorhandler.py", line 237, in check_response
    raise exception_class(message, screen, stacktrace)
selenium.common.exceptions.SessionNotCreatedException: Message: session not created exception
from unknown error: Runtime.executionContextCreated has invalid 'context': {"auxData":{"frameId":"(355F7D9DE470DE74245CEE375990C2CF)","isDefault":true},"id":1,"name":"","origin":"://"}
  (Session info: chrome=63.0.3239.132)
  (Driver info: chromedriver=2.21.371459 (36d3d07f660ff2bc1bf28a75d1cdabed0983e7c4),platform=Windows NT 6.1 SP1 x86_64)

Traceback (most recent call last):
  File "C:\Users\Administrator\Desktop\python-selenium\testcase\zhuce_test.py", line 15, in setUp
    self.derve=webdriver.Chrome()
  File "C:\Users\Administrator\AppData\Local\Programs\Python\Python36\lib\site-packages\selenium\webdriver\chrome\webdriver.py", line 75, in __init__
    desired_capabilities=desired_capabilities)
  File "C:\Users\Administrator\AppData\Local\Programs\Python\Python36\lib\site-packages\selenium\webdriver\remote\webdriver.py", line 154, in __init__
    self.start_session(desired_capabilities, browser_profile)
  File "C:\Users\Administrator\AppData\Local\Programs\Python\Python36\lib\site-packages\selenium\webdriver\remote\webdriver.py", line 243, in start_session
    response = self.execute(Command.NEW_SESSION, parameters)
  File "C:\Users\Administrator\AppData\Local\Programs\Python\Python36\lib\site-packages\selenium\webdriver\remote\webdriver.py", line 312, in execute
    self.error_handler.check_response(response)
  File "C:\Users\Administrator\AppData\Local\Programs\Python\Python36\lib\site-packages\selenium\webdriver\remote\errorhandler.py", line 237, in check_response
    raise exception_class(message, screen, stacktrace)
selenium.common.exceptions.SessionNotCreatedException: Message: session not created exception
from unknown error: Runtime.executionContextCreated has invalid 'context': {"auxData":{"frameId":"(355F7D9DE470DE74245CEE375990C2CF)","isDefault":true},"id":1,"name":"","origin":"://"}
  (Session info: chrome=63.0.3239.132)
  (Driver info: chromedriver=2.21.371459 (36d3d07f660ff2bc1bf28a75d1cdabed0983e7c4),platform=Windows NT 6.1 SP1 x86_64)



        </pre>
    </div>
    <!--css div popup end-->

    </td>
</tr>

<tr id='ft4.2' class='none'>
    <td class='errorCase'><div class='testcase'>test_zhuce_1_2</div></td>
    <td colspan='5' align='center'>

    <!--css div popup start-->
    <a class="popup_link" onfocus='this.blur();' href="javascript:showTestDetail('div_ft4.2')" >
        error</a>

    <div id='div_ft4.2' class="popup_window">
        <div style='text-align: right; color:red;cursor:pointer'>
        <a onfocus='this.blur();' onclick="document.getElementById('div_ft4.2').style.display = 'none' " >
           [x]</a>
        </div>
        <pre>
        
ft4.2: Traceback (most recent call last):
  File "C:\Users\Administrator\Desktop\python-selenium\testcase\zhuce_test.py", line 15, in setUp
    self.derve=webdriver.Chrome()
  File "C:\Users\Administrator\AppData\Local\Programs\Python\Python36\lib\site-packages\selenium\webdriver\chrome\webdriver.py", line 75, in __init__
    desired_capabilities=desired_capabilities)
  File "C:\Users\Administrator\AppData\Local\Programs\Python\Python36\lib\site-packages\selenium\webdriver\remote\webdriver.py", line 154, in __init__
    self.start_session(desired_capabilities, browser_profile)
  File "C:\Users\Administrator\AppData\Local\Programs\Python\Python36\lib\site-packages\selenium\webdriver\remote\webdriver.py", line 243, in start_session
    response = self.execute(Command.NEW_SESSION, parameters)
  File "C:\Users\Administrator\AppData\Local\Programs\Python\Python36\lib\site-packages\selenium\webdriver\remote\webdriver.py", line 312, in execute
    self.error_handler.check_response(response)
  File "C:\Users\Administrator\AppData\Local\Programs\Python\Python36\lib\site-packages\selenium\webdriver\remote\errorhandler.py", line 237, in check_response
    raise exception_class(message, screen, stacktrace)
selenium.common.exceptions.SessionNotCreatedException: Message: session not created exception
from unknown error: Runtime.executionContextCreated has invalid 'context': {"auxData":{"frameId":"(7C413FEF926CD0D0E2BD74ED34F91011)","isDefault":true},"id":1,"name":"","origin":"://"}
  (Session info: chrome=63.0.3239.132)
  (Driver info: chromedriver=2.21.371459 (36d3d07f660ff2bc1bf28a75d1cdabed0983e7c4),platform=Windows NT 6.1 SP1 x86_64)

Traceback (most recent call last):
  File "C:\Users\Administrator\Desktop\python-selenium\testcase\zhuce_test.py", line 15, in setUp
    self.derve=webdriver.Chrome()
  File "C:\Users\Administrator\AppData\Local\Programs\Python\Python36\lib\site-packages\selenium\webdriver\chrome\webdriver.py", line 75, in __init__
    desired_capabilities=desired_capabilities)
  File "C:\Users\Administrator\AppData\Local\Programs\Python\Python36\lib\site-packages\selenium\webdriver\remote\webdriver.py", line 154, in __init__
    self.start_session(desired_capabilities, browser_profile)
  File "C:\Users\Administrator\AppData\Local\Programs\Python\Python36\lib\site-packages\selenium\webdriver\remote\webdriver.py", line 243, in start_session
    response = self.execute(Command.NEW_SESSION, parameters)
  File "C:\Users\Administrator\AppData\Local\Programs\Python\Python36\lib\site-packages\selenium\webdriver\remote\webdriver.py", line 312, in execute
    self.error_handler.check_response(response)
  File "C:\Users\Administrator\AppData\Local\Programs\Python\Python36\lib\site-packages\selenium\webdriver\remote\errorhandler.py", line 237, in check_response
    raise exception_class(message, screen, stacktrace)
selenium.common.exceptions.SessionNotCreatedException: Message: session not created exception
from unknown error: Runtime.executionContextCreated has invalid 'context': {"auxData":{"frameId":"(7C413FEF926CD0D0E2BD74ED34F91011)","isDefault":true},"id":1,"name":"","origin":"://"}
  (Session info: chrome=63.0.3239.132)
  (Driver info: chromedriver=2.21.371459 (36d3d07f660ff2bc1bf28a75d1cdabed0983e7c4),platform=Windows NT 6.1 SP1 x86_64)



        </pre>
    </div>
    <!--css div popup end-->

    </td>
</tr>

<tr id='ft4.3' class='none'>
    <td class='errorCase'><div class='testcase'>test_zhuce_1_3</div></td>
    <td colspan='5' align='center'>

    <!--css div popup start-->
    <a class="popup_link" onfocus='this.blur();' href="javascript:showTestDetail('div_ft4.3')" >
        error</a>

    <div id='div_ft4.3' class="popup_window">
        <div style='text-align: right; color:red;cursor:pointer'>
        <a onfocus='this.blur();' onclick="document.getElementById('div_ft4.3').style.display = 'none' " >
           [x]</a>
        </div>
        <pre>
        
ft4.3: Traceback (most recent call last):
  File "C:\Users\Administrator\Desktop\python-selenium\testcase\zhuce_test.py", line 15, in setUp
    self.derve=webdriver.Chrome()
  File "C:\Users\Administrator\AppData\Local\Programs\Python\Python36\lib\site-packages\selenium\webdriver\chrome\webdriver.py", line 75, in __init__
    desired_capabilities=desired_capabilities)
  File "C:\Users\Administrator\AppData\Local\Programs\Python\Python36\lib\site-packages\selenium\webdriver\remote\webdriver.py", line 154, in __init__
    self.start_session(desired_capabilities, browser_profile)
  File "C:\Users\Administrator\AppData\Local\Programs\Python\Python36\lib\site-packages\selenium\webdriver\remote\webdriver.py", line 243, in start_session
    response = self.execute(Command.NEW_SESSION, parameters)
  File "C:\Users\Administrator\AppData\Local\Programs\Python\Python36\lib\site-packages\selenium\webdriver\remote\webdriver.py", line 312, in execute
    self.error_handler.check_response(response)
  File "C:\Users\Administrator\AppData\Local\Programs\Python\Python36\lib\site-packages\selenium\webdriver\remote\errorhandler.py", line 237, in check_response
    raise exception_class(message, screen, stacktrace)
selenium.common.exceptions.SessionNotCreatedException: Message: session not created exception
from unknown error: Runtime.executionContextCreated has invalid 'context': {"auxData":{"frameId":"(B68E1D58BD44A5ACB823AE3BD60C2B4D)","isDefault":true},"id":1,"name":"","origin":"://"}
  (Session info: chrome=63.0.3239.132)
  (Driver info: chromedriver=2.21.371459 (36d3d07f660ff2bc1bf28a75d1cdabed0983e7c4),platform=Windows NT 6.1 SP1 x86_64)

Traceback (most recent call last):
  File "C:\Users\Administrator\Desktop\python-selenium\testcase\zhuce_test.py", line 15, in setUp
    self.derve=webdriver.Chrome()
  File "C:\Users\Administrator\AppData\Local\Programs\Python\Python36\lib\site-packages\selenium\webdriver\chrome\webdriver.py", line 75, in __init__
    desired_capabilities=desired_capabilities)
  File "C:\Users\Administrator\AppData\Local\Programs\Python\Python36\lib\site-packages\selenium\webdriver\remote\webdriver.py", line 154, in __init__
    self.start_session(desired_capabilities, browser_profile)
  File "C:\Users\Administrator\AppData\Local\Programs\Python\Python36\lib\site-packages\selenium\webdriver\remote\webdriver.py", line 243, in start_session
    response = self.execute(Command.NEW_SESSION, parameters)
  File "C:\Users\Administrator\AppData\Local\Programs\Python\Python36\lib\site-packages\selenium\webdriver\remote\webdriver.py", line 312, in execute
    self.error_handler.check_response(response)
  File "C:\Users\Administrator\AppData\Local\Programs\Python\Python36\lib\site-packages\selenium\webdriver\remote\errorhandler.py", line 237, in check_response
    raise exception_class(message, screen, stacktrace)
selenium.common.exceptions.SessionNotCreatedException: Message: session not created exception
from unknown error: Runtime.executionContextCreated has invalid 'context': {"auxData":{"frameId":"(B68E1D58BD44A5ACB823AE3BD60C2B4D)","isDefault":true},"id":1,"name":"","origin":"://"}
  (Session info: chrome=63.0.3239.132)
  (Driver info: chromedriver=2.21.371459 (36d3d07f660ff2bc1bf28a75d1cdabed0983e7c4),platform=Windows NT 6.1 SP1 x86_64)



        </pre>
    </div>
    <!--css div popup end-->

    </td>
</tr>

<tr id='ft4.4' class='none'>
    <td class='errorCase'><div class='testcase'>test_zhuce_1_4</div></td>
    <td colspan='5' align='center'>

    <!--css div popup start-->
    <a class="popup_link" onfocus='this.blur();' href="javascript:showTestDetail('div_ft4.4')" >
        error</a>

    <div id='div_ft4.4' class="popup_window">
        <div style='text-align: right; color:red;cursor:pointer'>
        <a onfocus='this.blur();' onclick="document.getElementById('div_ft4.4').style.display = 'none' " >
           [x]</a>
        </div>
        <pre>
        
ft4.4: Traceback (most recent call last):
  File "C:\Users\Administrator\Desktop\python-selenium\testcase\zhuce_test.py", line 15, in setUp
    self.derve=webdriver.Chrome()
  File "C:\Users\Administrator\AppData\Local\Programs\Python\Python36\lib\site-packages\selenium\webdriver\chrome\webdriver.py", line 75, in __init__
    desired_capabilities=desired_capabilities)
  File "C:\Users\Administrator\AppData\Local\Programs\Python\Python36\lib\site-packages\selenium\webdriver\remote\webdriver.py", line 154, in __init__
    self.start_session(desired_capabilities, browser_profile)
  File "C:\Users\Administrator\AppData\Local\Programs\Python\Python36\lib\site-packages\selenium\webdriver\remote\webdriver.py", line 243, in start_session
    response = self.execute(Command.NEW_SESSION, parameters)
  File "C:\Users\Administrator\AppData\Local\Programs\Python\Python36\lib\site-packages\selenium\webdriver\remote\webdriver.py", line 312, in execute
    self.error_handler.check_response(response)
  File "C:\Users\Administrator\AppData\Local\Programs\Python\Python36\lib\site-packages\selenium\webdriver\remote\errorhandler.py", line 237, in check_response
    raise exception_class(message, screen, stacktrace)
selenium.common.exceptions.SessionNotCreatedException: Message: session not created exception
from unknown error: Runtime.executionContextCreated has invalid 'context': {"auxData":{"frameId":"(56A721AEBFE50B9CE0ADC8342445636D)","isDefault":true},"id":1,"name":"","origin":"://"}
  (Session info: chrome=63.0.3239.132)
  (Driver info: chromedriver=2.21.371459 (36d3d07f660ff2bc1bf28a75d1cdabed0983e7c4),platform=Windows NT 6.1 SP1 x86_64)

Traceback (most recent call last):
  File "C:\Users\Administrator\Desktop\python-selenium\testcase\zhuce_test.py", line 15, in setUp
    self.derve=webdriver.Chrome()
  File "C:\Users\Administrator\AppData\Local\Programs\Python\Python36\lib\site-packages\selenium\webdriver\chrome\webdriver.py", line 75, in __init__
    desired_capabilities=desired_capabilities)
  File "C:\Users\Administrator\AppData\Local\Programs\Python\Python36\lib\site-packages\selenium\webdriver\remote\webdriver.py", line 154, in __init__
    self.start_session(desired_capabilities, browser_profile)
  File "C:\Users\Administrator\AppData\Local\Programs\Python\Python36\lib\site-packages\selenium\webdriver\remote\webdriver.py", line 243, in start_session
    response = self.execute(Command.NEW_SESSION, parameters)
  File "C:\Users\Administrator\AppData\Local\Programs\Python\Python36\lib\site-packages\selenium\webdriver\remote\webdriver.py", line 312, in execute
    self.error_handler.check_response(response)
  File "C:\Users\Administrator\AppData\Local\Programs\Python\Python36\lib\site-packages\selenium\webdriver\remote\errorhandler.py", line 237, in check_response
    raise exception_class(message, screen, stacktrace)
selenium.common.exceptions.SessionNotCreatedException: Message: session not created exception
from unknown error: Runtime.executionContextCreated has invalid 'context': {"auxData":{"frameId":"(56A721AEBFE50B9CE0ADC8342445636D)","isDefault":true},"id":1,"name":"","origin":"://"}
  (Session info: chrome=63.0.3239.132)
  (Driver info: chromedriver=2.21.371459 (36d3d07f660ff2bc1bf28a75d1cdabed0983e7c4),platform=Windows NT 6.1 SP1 x86_64)



        </pre>
    </div>
    <!--css div popup end-->

    </td>
</tr>

<tr id='total_row'>
    <td>Total</td>
    <td>13</td>
    <td>0</td>
    <td>0</td>
    <td>13</td>
    <td>&nbsp;</td>
</tr>
</table>

<div id='ending'>&nbsp;</div>

</body>
</html>
